LinuxAos (rev.5598): Kernel: Initialized and started.
X11 Display depth = 24
Default font installedOpenType 0.45 BBPort /3.12.2004  eos, pl
WindowManager: 24-bit color
WindowManager: Display resolution: 952x1078x24
DisplayRefresher installed.
Autostart: executing FileTrapWriter.Install
Autostart: executing WMTrapWriter.Install
{P cpuid= 0, pid= 30 Events: System event log started.}
WMMacros: Macro file Macros.XML loaded.
Autostart: executing UpTime.Install
Uptime monitor started.
Autostart: executing Kernel.GC
Autostart: executing FSTools.Mount 'Work Directory' RelativeFileSystem .
Work Directory: mounted
Autostart: executing FSTools.Mount 'Module Sources' RelativeFileSystem .aoshome/source
Module Sources: mounted
Autostart: executing FSTools.Mount 'Fonts' RelativeFileSystem .aoshome/fonts
Fonts: mounted
Autostart: executing StartMenu.Open
Autostart: executing SkinEngine.Unload
ZeroSkin already loaded
Autostart: executing WMRestorable.Load Auto.dsk
{P cpuid= 0, pid= 46 Starting logger}
WMRestorable: Loading desktop from Auto.dsk...
Autostart: executing WMNavigate.Open -vs 1 0 0 Navigation:TaskList
Autostart: executing Kernel.GC
Autostart: executing WMTextView.EnablePiemenu
Piemenu enabled
Cleanup
{P cpuid= 0, pid= 62 Events: System event log shut down.}
WindowManager: Window manager closed
{P cpuid= 0, pid= 62 Files: 10 open files}
Objects 56 discarded finalizers, 0 pending finalizers
UnixFiles 10 discarded finalizers, 0 pending finalizers
