Kernel: Initialized and started.
X11 Display depth = 24
Default font installedOpenType 0.45 BBPort /3.12.2004  eos, pl
WindowManager: 24-bit color
WindowManager: Display resolution: 1440x878x24
DisplayRefresher installed.
Autostart: executing FSTools.Mount Work RelativeFileSystem ./
Work: mounted
Autostart: executing FileTrapWriter.Install
Autostart: executing WMTrapWriter.Install
{P cpuid= 0, pid= 31 Events: System event log started.}
WMMacros: Macro file Macros.XML loaded.
Autostart: executing UpTime.Install
Uptime monitor started.
Autostart: executing StartMenu.Open
Autostart: executing SkinEngine.Unload
ZeroSkin already loaded
Autostart: executing WMRestorable.Load Auto.dsk
{P cpuid= 0, pid= 43 Starting logger}
WMRestorable: Loading desktop from Auto.dsk...
Autostart: executing WMNavigate.Open -vs 1 0 0 Navigation:TaskList
Autostart: executing SystemTools.CollectGarbage
Collecting garbage... done.
SyntaxHighlighter: Auto-loading SyntaxHighlighter.XML ... done.
Cleanup
{P cpuid= 0, pid= 74 Events: System event log shut down.}
WindowManager: Window manager closed
{P cpuid= 0, pid= 74 Files: 35 open files}
Objects 4820 discarded finalizers, 0 pending finalizers
UnixFiles 38 discarded finalizers, 0 pending finalizers
