./Configuration.XML:				<Setting name="SmbFS" value="NIL;SambaClient.NewFS"/>
./SambaServer.Mod:MODULE SambaServer; (** AUTHOR "mancos"; PURPOSE "SMB Server"; *)
./SambaServer.Mod:	Server = "A2SAMBA";
./SambaServer.Mod:		context.out.String("Start SambaServer...");
./SambaServer.Mod:			context.out.String("Could not start SambaServer. Res: ");
./SambaServer.Mod:		context.out.String("SambaServer already running...");
./SambaServer.Mod:		context.out.String("SambaServer stopped!");
./SambaServer.Mod:		context.out.String("SambaServer was already stopped!");
./SambaServer.Mod:	context.out.String("SambaServer share list: "); context.out.Ln;
./SambaServer.Mod:END SambaServer.
./SambaServer.Mod:SambaServer.StartServer ~
./SambaServer.Mod:SambaServer.StopServer ~
./SambaServer.Mod:SystemTools.Free SambaServer ~
./SambaServer.Mod:SambaServer.ListShares ~
./SambaServer.Mod:SambaServer.AddShare \AOS AOS: ~
./SambaServer.Mod:SambaServer.AddShare \FAT FAT:Test/ ~
./Release.Tool:	SambaClient.Mod SambaServer.Mod
./SambaClient.Mod:MODULE SambaClient; (** AUTHOR "mancos"; PURPOSE "SMB Client"; *)
./SambaClient.Mod:						KernelLog.String("SambaClient: Replaced invalid date & time by current time"); KernelLog.Ln;
./SambaClient.Mod:END SambaClient.
./SambaClient.Mod:SystemTools.Free SambaClient ~
./.svn/all-wcprops:SambaClient.Mod
./.svn/all-wcprops:/svn/aos/!svn/ver/3460/trunk/source/SambaClient.Mod
./.svn/all-wcprops:SambaServer.Mod
./.svn/all-wcprops:/svn/aos/!svn/ver/3460/trunk/source/SambaServer.Mod
./.svn/entries:SambaClient.Mod
./.svn/entries:SambaServer.Mod
./.svn/tmp/Configuration.XML.tmp:				<Setting name="SmbFS" value="NIL;SambaClient.NewFS"/>
./.svn/tmp/tempfile.2.tmp:			<Setting name="SmbFS" value="NIL;SambaClient.NewFS"/>
./.svn/tmp/tempfile.tmp:				<Setting name="SmbFS" value="NIL;SambaClient.NewFS"/>
./.svn/tmp/Configuration.XML.2.tmp:				<Setting name="SmbFS" value="NIL;SambaClient.NewFS"/>
./.svn/tmp/Configuration.XML.3.tmp:				<Setting name="SmbFS" value="NIL;SambaClient.NewFS"/>
./.svn/tmp/Configuration.XML.3.tmp:			<Setting name="SmbFS" value="NIL;SambaClient.NewFS"/>
./.svn/text-base/SambaClient.Mod.svn-base:MODULE SambaClient; (** AUTHOR "mancos"; PURPOSE "SMB Client"; *)
./.svn/text-base/SambaClient.Mod.svn-base:						KernelLog.String("SambaClient: Replaced invalid date & time by current time"); KernelLog.Ln;
./.svn/text-base/SambaClient.Mod.svn-base:END SambaClient.
./.svn/text-base/SambaClient.Mod.svn-base:SystemTools.Free SambaClient ~
./.svn/text-base/pci.ids.svn-base:		e4bf 0cc9  CC9-SAMBA
./.svn/text-base/pci.ids.svn-base:		e4bf 0cc9  CC9-SAMBA
./.svn/text-base/pci.ids.svn-base:		e4bf 0cc9  CC9-SAMBA
./.svn/text-base/pci.ids.svn-base:		e4bf 0cc9  CC9-SAMBA
./.svn/text-base/pci.ids.svn-base:		e4bf 0cc9  CC9-SAMBA
./.svn/text-base/pci.ids.svn-base:		e4bf 0cc9  CC9-SAMBA
./.svn/text-base/pci.ids.svn-base:		e4bf 0cc9  CC9-SAMBA
./.svn/text-base/pci.ids.svn-base:		e4bf 0cc9  CC9-SAMBA
./.svn/text-base/Save.Configuration.XML.svn-base:			<Setting name="SmbFS" value="NIL;SambaClient.NewFS"/>
./.svn/text-base/SambaServer.Mod.svn-base:MODULE SambaServer; (** AUTHOR "mancos"; PURPOSE "SMB Server"; *)
./.svn/text-base/SambaServer.Mod.svn-base:	Server = "A2SAMBA";
./.svn/text-base/SambaServer.Mod.svn-base:		context.out.String("Start SambaServer...");
./.svn/text-base/SambaServer.Mod.svn-base:			context.out.String("Could not start SambaServer. Res: ");
./.svn/text-base/SambaServer.Mod.svn-base:		context.out.String("SambaServer already running...");
./.svn/text-base/SambaServer.Mod.svn-base:		context.out.String("SambaServer stopped!");
./.svn/text-base/SambaServer.Mod.svn-base:		context.out.String("SambaServer was already stopped!");
./.svn/text-base/SambaServer.Mod.svn-base:	context.out.String("SambaServer share list: "); context.out.Ln;
./.svn/text-base/SambaServer.Mod.svn-base:END SambaServer.
./.svn/text-base/SambaServer.Mod.svn-base:SambaServer.StartServer ~
./.svn/text-base/SambaServer.Mod.svn-base:SambaServer.StopServer ~
./.svn/text-base/SambaServer.Mod.svn-base:SystemTools.Free SambaServer ~
./.svn/text-base/SambaServer.Mod.svn-base:SambaServer.ListShares ~
./.svn/text-base/SambaServer.Mod.svn-base:SambaServer.AddShare \AOS AOS: ~
./.svn/text-base/SambaServer.Mod.svn-base:SambaServer.AddShare \FAT FAT:Test/ ~
./.svn/text-base/Release.Tool.svn-base:	SambaClient.Mod SambaServer.Mod
./.svn/text-base/Configuration.XML.svn-base:			<Setting name="SmbFS" value="NIL;SambaClient.NewFS"/>
Binary file ./.tmp.3.0633 matches
./pci.ids:		e4bf 0cc9  CC9-SAMBA
./pci.ids:		e4bf 0cc9  CC9-SAMBA
./pci.ids:		e4bf 0cc9  CC9-SAMBA
./pci.ids:		e4bf 0cc9  CC9-SAMBA
./pci.ids:		e4bf 0cc9  CC9-SAMBA
./pci.ids:		e4bf 0cc9  CC9-SAMBA
./pci.ids:		e4bf 0cc9  CC9-SAMBA
./pci.ids:		e4bf 0cc9  CC9-SAMBA
./Save.Configuration.XML:			<Setting name="SmbFS" value="NIL;SambaClient.NewFS"/>
Binary file ./.tmp.2.0633 matches
