Kernel: Initialized and started.
X11 Display depth = 24
Default font installedOpenType 0.45 BBPort /3.12.2004  eos, pl
WindowManager: 24-bit color
WindowManager: Display resolution: 1440x878x24
WindowManager@52648:w= EF6A7E80H; 
WindowManager@52648:w= EF3068C0H; 
DisplayRefresher installed.
Autostart: executing FileTrapWriter.Install
Autostart: executing WMTrapWriter.Install
{P cpuid= 0, pid= 30 Events: System event log started.}
WMMacros: Macro file Macros.XML loaded.
Autostart: executing UpTime.Install
Uptime monitor started.
Autostart: executing StartMenu.Open
Autostart: executing SkinEngine.Unload
ZeroSkin already loaded
Autostart: executing WMRestorable.Load Auto.dsk
{P cpuid= 0, pid= 42 Starting logger}
WMRestorable: Loading desktop from Auto.dsk...
Autostart: executing WMNavigate.Open -vs 1 0 0 Navigation:TaskList
SyntaxHighlighter: Auto-loading SyntaxHighlighter.XML ... done.
	PETModuleTree@61692	error 258: illegal character in number 
	PETModuleTree@61692	error 258: illegal character in number 
	PETModuleTree@61692	error 258: illegal character in number 
	PETModuleTree@61692	error 258: illegal character in number 
	PETModuleTree@61692	error 258: illegal character in number 
	PETModuleTree@61692	error 258: illegal character in number 
	PETModuleTree@61692	error 258: illegal character in number 
	PETModuleTree@61692	error 258: illegal character in number 
	PETModuleTree@62317	error 258: illegal character in number 
	PETModuleTree@62328	error 258: illegal character in number 
	PETModuleTree@62389	error 258: illegal character in number 
	PETModuleTree@62400	error 258: illegal character in number 
	PETModuleTree@64593	error 270: number too large 
	PETModuleTree@65579	error 270: number too large 
	PETModuleTree@66125	error 259: illegal character in string 
	PETModuleTree@66664	error 259: illegal character in string 
	PETModuleTree@67843	error 259: illegal character in string 
	PETModuleTree@69022	error 259: illegal character in string 
	PETModuleTree@70436	error 258: illegal character in number 
	PETModuleTree@70436	error 258: illegal character in number 
	PETModuleTree@70436	error 258: illegal character in number 
	PETModuleTree@70436	error 258: illegal character in number 
	PETModuleTree@70436	error 258: illegal character in number 
	PETModuleTree@70436	error 258: illegal character in number 
	PETModuleTree@70436	error 258: illegal character in number 
	PETModuleTree@70436	error 258: illegal character in number 
	PETModuleTree@70998	error 258: illegal character in number 
	PETModuleTree@71009	error 258: illegal character in number 
	PETModuleTree@71067	error 258: illegal character in number 
	PETModuleTree@71078	error 258: illegal character in number 
Cleanup
{P cpuid= 0, pid= 63 Events: System event log shut down.}
WindowManager: Window manager closed
{P cpuid= 0, pid= 63 Files: 151 open files}
Objects 126 discarded finalizers, 0 pending finalizers
UnixFiles 157 discarded finalizers, 0 pending finalizers
